<?xml version='1.0' encoding='UTF-8'?>
<testsuite hostname="kinzaa-Latitude-E7270" name="pipeline.Toptest" tests="1" errors="0" failures="0" skipped="0" time="3.023" timestamp="2024-08-10T02:21:30">
                     <properties>
[...]
</properties>
                     <testcase classname="pipeline.Toptest" name="Datapath Test" time="3.023">
                                                 
                                               </testcase>
                     <system-out><![CDATA[]]></system-out>
                     <system-err><![CDATA[]]></system-err>
                   </testsuite>